Iteration	Posterior	Likelihood	Prior	rate_log_sd	tree_length
0	-644.056	-804.6471	160.5911	1.663392	2.42812
6	-612.4009	-770.5597	158.1589	4.292283	2.303445
12	-590.4522	-752.1224	161.6703	2.409224	1.135708
18	-615.0614	-775.1985	160.1371	3.779803	1.274735
24	-662.988	-824.9823	161.9944	2.464658	0.3339884
30	-632.5094	-794.1692	161.6598	1.819295	1.610563
36	-586.966	-746.9447	159.9787	2.184034	2.485737
42	-620.8852	-782.8515	161.9663	1.149501	1.865771
48	-591.4256	-752.3962	160.9707	3.020142	1.212925
54	-583.0226	-742.4268	159.4042	2.837884	2.435943
60	-571.8962	-733.4723	161.5761	2.837884	0.7817032
66	-629.0258	-790.0963	161.0705	3.394988	0.7026597
72	-643.7691	-804.8616	161.0925	3.372899	0.7026597
78	-622.1894	-782.2834	160.094	3.361362	1.627744
84	-603.162	-763.2559	160.094	3.361362	1.627744
90	-584.8252	-744.4904	159.6652	4.411476	1.138238
96	-583.2271	-741.9501	158.723	1.767847	3.491572
102	-568.9419	-729.4464	160.5045	2.968528	1.614974
108	-583.1187	-742.9493	159.8306	4.270301	1.116431
114	-650.7619	-809.0212	158.2593	0.8627327	4.277498
120	-668.439	-828.6377	160.1987	1.006263	3.070231
126	-648.1288	-808.455	160.3262	4.004995	0.8852951
132	-643.8299	-803.9388	160.1089	4.033875	1.077964
138	-629.5029	-790.7688	161.266	2.891839	1.06389
144	-645.1145	-806.6456	161.5311	2.626711	1.06389
150	-633.1336	-793.3498	160.2163	4.154255	0.8384755
156	-610.8304	-771.0995	160.2691	4.154255	0.768396
162	-612.1769	-771.6194	159.4424	4.140227	1.534638
168	-615.7229	-777.449	161.7261	2.736863	0.7069169
174	-616.6015	-777.2682	160.6667	2.359412	1.926686
180	-612.0172	-773.8248	161.8077	2.359412	1.055095
186	-627.8904	-788.5897	160.6994	3.575971	0.9468495
192	-620.1625	-782.0728	161.9103	1.961297	1.311705
198	-610.2291	-772.0206	161.7915	2.061348	1.326737
204	-582.682	-743.3142	160.6321	3.808215	0.7433835
210	-581.2456	-742.5488	161.3032	2.074483	1.683374
216	-563.0905	-724.981	161.8904	2.130125	1.187435
222	-599.9142	-759.4763	159.5621	1.657557	3.061428
228	-565.7425	-725.1885	159.446	4.337678	1.381618
234	-580.0697	-741.4674	161.3977	2.38597	1.381618
240	-565.3891	-725.9689	160.5798	3.203855	1.381618
246	-579.5154	-739.8135	160.2981	1.509721	2.705556
252	-708.9756	-871.3256	162.35	1.509721	1.321214
258	-573.5542	-735.5745	162.0203	2.166484	1.036194
264	-602.9607	-764.9748	162.0141	2.423546	0.7474353
270	-624.6213	-786.388	161.7667	2.670982	0.7474353
276	-610.621	-772.1734	161.5524	2.915418	0.6984817
282	-647.0912	-809.0407	161.9494	2.565962	0.5919547
288	-672.2658	-834.2299	161.9641	2.565962	0.4863038
294	-622.6325	-784.6105	161.978	2.158304	1.083973
300	-631.7362	-793.8158	162.0797	2.450828	0.5012951
306	-708.5502	-869.8802	161.33	1.261436	2.213357
312	-606.2025	-768.2755	162.073	1.915708	1.214694
318	-630.9649	-788.8231	157.8582	6.661366	0.5774865
324	-613.6687	-775.1897	161.521	2.979521	0.3873797
330	-626.5795	-786.8637	160.2841	2.662931	1.979776
336	-685.5114	-847.3073	161.7959	1.151168	1.979776
342	-645.8164	-807.9326	162.1162	1.545266	1.475636
348	-621.3009	-781.7738	160.4729	2.389704	2.036
354	-614.9549	-776.248	161.2931	3.19388	0.3666429
360	-612.9457	-773.1526	160.2069	4.312334	0.5786896
366	-604.8832	-764.5419	159.6587	3.357953	1.933072
372	-589.9889	-750.4543	160.4654	2.571193	1.919574
378	-598.5821	-759.7555	161.1734	3.046589	1.003686
384	-586.5184	-747.6633	161.1449	3.046589	0.1926561
390	-613.1834	-774.6736	161.4902	2.606386	1.120311
396	-585.1964	-746.3843	161.1879	2.606386	1.37331
402	-578.3711	-740.1777	161.8066	1.987643	1.37331
408	-579.2238	-739.6906	160.4668	3.819888	0.934762
414	-604.2436	-764.8791	160.6355	2.021247	2.171027
420	-593.677	-754.3282	160.6512	2.021247	2.160841
426	-596.0723	-756.8717	160.7994	2.111975	2.003588
432	-573.0098	-733.9273	160.9175	3.602973	0.573966
438	-579.9117	-740.7144	160.8027	2.626329	1.646662
444	-554.2146	-714.3056	160.0909	3.338127	1.646662
450	-579.2248	-740.8558	161.631	2.897983	0.4729402
456	-613.8077	-772.6898	158.882	5.630179	0.4104212
462	-638.9474	-797.3109	158.3635	5.630179	0.143194
468	-621.8202	-782.9403	161.12	3.368602	0.3689533
474	-657.4416	-817.7415	160.2998	3.992908	0.2294725
480	-636.1738	-791.7975	155.6236	7.981438	1.517967
486	-623.8781	-783.2857	159.4076	5.095662	0.6259065
492	-699.8399	-862.2474	162.4075	1.390257	1.37054
498	-613.7499	-773.1495	159.3996	5.010624	0.2931158
504	-622.927	-783.4504	160.5234	1.373386	2.650886
510	-604.2302	-766.1739	161.9437	2.567798	0.408676
516	-617.4478	-779.5318	162.084	2.265968	0.8633861
522	-593.3986	-753.9845	160.586	2.353622	1.984765
528	-566.0042	-722.6173	156.6131	3.584014	3.66231
534	-635.379	-792.3356	156.9566	2.761393	3.938184
540	-631.8407	-792.2584	160.4177	2.096602	2.26302
546	-591.9458	-753.3477	161.402	1.708104	1.869655
552	-580.4967	-739.5227	159.026	3.966495	1.949329
558	-589.6613	-750.5125	160.8512	3.415356	0.9560402
564	-603.4676	-763.287	159.8194	2.313865	2.504156
570	-596.6355	-758.4669	161.8314	2.245381	1.138078
576	-702.6542	-865.0297	162.3755	2.08436	0.7121726
582	-607.9374	-767.3824	159.445	4.90254	0.8662776
588	-582.9959	-743.1874	160.1915	3.942651	1.086018
594	-602.8042	-764.6052	161.8009	2.33318	1.086018
600	-578.3359	-740.2698	161.9339	2.553347	0.367062
606	-613.8871	-773.4827	159.5957	4.211275	1.36331
612	-590.1099	-751.7615	161.6516	2.398687	1.161557
618	-643.0452	-802.4697	159.4245	5.099857	0.4466848
624	-660.0537	-820.0269	159.9732	2.374737	2.369102
630	-627.625	-789.7774	162.1524	2.374737	0.4603947
636	-588.1948	-750.2644	162.0696	2.374737	0.737255
642	-624.7231	-786.6021	161.8789	2.374737	0.9694929
648	-649.3157	-809.8095	160.4938	3.239429	1.420817
654	-659.1317	-820.9984	161.8667	2.606327	0.6892292
660	-661.7481	-823.2043	161.4562	2.606327	1.150803
666	-626.7591	-787.369	160.6099	2.971731	1.535407
672	-630.0426	-790.6497	160.6071	2.264424	2.03013
678	-611.9493	-773.5555	161.6062	2.861648	0.6984612
684	-627.0869	-788.3164	161.2295	2.672133	1.28725
690	-611.4232	-772.2733	160.8501	3.051565	1.28725
696	-651.9177	-813.3705	161.4528	3.051565	0.6231102
702	-598.8579	-757.0784	158.2205	5.514629	1.419391
708	-602.9295	-764.0282	161.0987	2.629933	1.424379
714	-619.1658	-779.1951	160.0292	1.399653	2.935888
720	-607.0352	-767.0269	159.9918	2.791398	2.088449
726	-662.4183	-824.4203	162.002	1.832916	1.341076
732	-642.8788	-803.7285	160.8498	1.766682	2.197173
738	-631.2632	-792.9652	161.702	2.789205	0.6534612
744	-644.3199	-800.6632	156.3433	5.332894	2.786034
750	-659.3419	-819.2493	159.9074	2.874692	2.089158
756	-645.2875	-806.0113	160.7238	2.058312	2.089158
762	-618.096	-779.6086	161.5127	2.463113	1.225671
768	-616.1929	-776.5978	160.405	3.711904	1.101906
774	-648.7774	-810.4034	161.626	2.437952	1.149524
780	-652.6985	-813.5238	160.8253	3.472724	0.9224195
786	-646.7951	-808.3988	161.6037	2.861304	0.7034468
792	-612.8275	-774.0529	161.2254	2.9798	1.018231
798	-610.9646	-770.4024	159.4378	4.988416	0.7643435
804	-627.96	-789.0681	161.1081	2.433096	1.565252
810	-587.2109	-747.852	160.6411	3.497477	1.081842
816	-566.3446	-728.366	162.0214	2.485639	0.39945
822	-595.6933	-757.6949	162.0016	2.21567	1.006384
828	-596.6902	-756.2315	159.5413	4.888574	0.7590288
834	-598.7608	-760.74	161.9792	2.510508	0.6566625
840	-623.1758	-785.155	161.9792	2.510508	0.6566625
846	-627.494	-788.4942	161.0002	2.558346	1.552488
852	-630.9205	-791.6103	160.6897	2.868795	1.552488
858	-605.7678	-767.6539	161.8861	2.278023	1.057906
864	-639.6904	-801.7946	162.1043	2.278023	0.8236991
870	-607.0204	-768.4384	161.418	2.964253	0.8236991
876	-561.758	-722.6878	160.9298	2.964253	1.293431
882	-547.6029	-710.0186	162.4157	1.478394	1.293431
888	-546.5962	-705.7477	159.1514	1.478394	3.410315
894	-582.4824	-742.3587	159.8763	0.7534998	3.410315
900	-592.0874	-752.5661	160.4787	2.933468	1.658771
906	-615.9913	-775.9961	160.0047	2.994069	1.945066
912	-639.137	-800.0844	160.9474	2.025935	1.962187
918	-689.3602	-852.0679	162.7077	1.474476	1.040625
924	-746.9356	-909.9298	162.9942	1.474476	0.6969321
930	-648.228	-810.7979	162.57	1.170657	1.415112
936	-600.5066	-761.2413	160.7347	3.005926	1.415112
942	-575.0898	-735.8843	160.7946	3.700749	0.6445634
948	-581.2835	-743.3898	162.1063	2.387158	0.6486933
954	-562.1216	-722.0161	159.8944	4.253465	1.073188
960	-555.3448	-717.7346	162.3898	1.758055	1.073188
966	-574.0949	-736.4817	162.3868	2.092008	0.6784799
972	-598.5992	-760.0275	161.4283	2.092008	1.580561
978	-623.3196	-783.8736	160.5539	2.966374	1.580561
984	-578.7964	-738.625	159.8285	3.405282	1.784463
990	-638.1754	-799.1601	160.9847	2.249103	1.784463
996	-651.6326	-812.8029	161.1703	2.602985	1.389739
