Iteration	Posterior	Likelihood	Prior	rate_log_sd	tree_length
0	-588.1269	-749.8913	161.7644	2.52017	0.9370467
6	-719.2905	-882.0067	162.7162	1.812818	0.5280257
12	-595.8429	-757.0411	161.1983	3.102169	0.2327839
18	-602.8993	-763.223	160.3237	2.805715	1.856423
24	-687.0601	-849.5877	162.5276	1.469747	1.207364
30	-639.6999	-800.7823	161.0823	2.370353	1.629661
36	-629.1677	-787.6988	158.5311	1.100505	3.987611
42	-855.2793	-1019.094	163.8145	0.5436475	0.8536381
48	-626.4825	-787.9796	161.4971	1.158313	2.171939
54	-604.2851	-765.3449	161.0597	2.490327	1.558712
60	-643.8271	-804.0217	160.1946	1.388793	2.842444
66	-646.0712	-804.5613	158.4901	5.96484	0.7203106
72	-675.9836	-837.5277	161.5442	1.758261	1.736566
78	-665.7997	-827.9507	162.151	2.142254	0.9276399
84	-648.7018	-807.541	158.8392	2.134015	3.208043
90	-817.1628	-980.2976	163.1348	0.713188	1.330658
96	-653.0598	-815.1941	162.1343	1.71367	1.330658
102	-788.0677	-948.9973	160.9296	0.6345751	2.854134
108	-704.9572	-867.3106	162.3534	2.175212	0.4701382
114	-592.3546	-754.4814	162.1268	2.175212	0.9180764
120	-648.9139	-803.1339	154.22	9.846963	1.146847
126	-587.8629	-747.0711	159.2082	2.696346	2.646096
132	-665.1173	-827.8533	162.736	1.551476	0.9338663
138	-649.2364	-811.343	162.1066	1.813158	1.272419
144	-696.2487	-858.4538	162.2051	2.19356	0.8023932
150	-631.7946	-790.9805	159.1858	5.320125	0.6190683
156	-615.6726	-776.2822	160.6096	1.981409	2.213632
162	-603.5363	-765.1566	161.6203	2.80802	0.7612734
168	-651.3052	-812.005	160.6999	3.741428	0.7419075
174	-660.8265	-820.9568	160.1302	1.65166	2.721469
180	-687.701	-848.9427	161.2417	1.944512	1.817402
186	-799.7002	-962.4694	162.7691	1.409748	1.043825
192	-632.7608	-791.2975	158.5367	1.218126	3.917094
198	-640.6218	-800.8931	160.2713	2.270612	2.245264
204	-791.004	-954.5058	163.5018	0.703421	1.018278
210	-1103.751	-1268.251	164.4995	0.02388281	0.5622342
216	-1032.362	-1195.992	163.6298	0.003708931	1.496694
222	-1068.87	-1232.782	163.9122	0.03651572	1.248411
228	-969.6598	-1132.97	163.3102	0.0291291	1.710596
234	-613.2925	-773.6777	160.3852	3.559467	1.251778
240	-651.9068	-813.8897	161.9829	2.538516	0.5705505
246	-673.0879	-835.0424	161.9545	2.537066	0.6528541
252	-644.1276	-804.4937	160.3661	3.791206	1.064305
258	-1030.73	-1194.293	163.5631	0.4893692	1.159645
264	-702.9513	-864.7172	161.7659	2.312067	1.137026
270	-644.265	-804.2216	159.9566	4.12139	1.137026
276	-813.6616	-976.5003	162.8388	1.323105	1.060041
282	-758.2758	-920.8028	162.527	1.808662	0.8801841
288	-685.4841	-847.1242	161.64	2.335455	1.22593
294	-667.0466	-829.1126	162.066	2.335455	0.798657
300	-856.4733	-1018.686	162.2126	0.6436106	2.040251
306	-632.1672	-793.3798	161.2126	2.002862	1.797195
312	-612.2635	-773.442	161.1786	1.746162	1.994691
318	-609.3887	-769.9131	160.5244	3.247542	1.390759
324	-858.5354	-1021.976	163.4401	0.3683897	1.362073
330	-895.7263	-1059.65	163.9241	0.4383726	0.8483849
336	-992.7581	-1157.054	164.2957	0.2264517	0.5673587
342	-1049.985	-1214.281	164.2957	0.2264517	0.5673587
348	-644.9419	-805.5642	160.6223	3.90735	0.5204328
354	-655.5886	-816.973	161.3843	3.145355	0.5204328
360	-773.3475	-934.4579	161.1104	3.145355	0.2147213
366	-674.5971	-836.1061	161.509	2.861665	0.8382827
372	-622.8321	-783.5122	160.6801	3.690553	0.8382827
378	-752.9786	-915.6206	162.642	1.033354	1.465115
384	-608.6466	-768.4013	159.7547	4.760138	0.4166925
390	-605.2082	-762.4227	157.2145	6.992474	0.1976053
396	-652.6295	-813.1008	160.4713	3.293156	1.396605
402	-746.2533	-908.3461	162.0928	1.630074	1.428771
408	-881.8535	-1044.938	163.0848	0.6381237	1.428771
414	-677.866	-839.456	161.59	1.403275	1.948806
420	-648.5565	-810.0837	161.5272	3.001264	0.5328082
426	-649.2517	-811.0101	161.7584	2.77196	0.5093344
432	-664.1007	-825.4837	161.3831	2.142799	1.576472
438	-764.0821	-926.7442	162.6621	1.683785	0.8682023
444	-651.385	-813.2133	161.8283	2.060066	1.29812
450	-640.4837	-801.4475	160.9639	2.924439	1.29812
456	-638.1508	-796.8386	158.6878	5.100861	0.1089219
462	-608.9573	-769.7114	160.7541	3.688853	0.7393245
468	-644.1725	-806.8492	162.6766	1.845379	0.5679954
474	-597.1526	-759.1617	162.0091	2.437453	0.7337187
480	-786.3777	-948.6163	162.2386	2.241774	0.3579778
486	-772.0629	-934.0011	161.9382	1.139252	1.891882
492	-753.9969	-916.7436	162.7468	1.668445	0.7799737
498	-670.752	-832.6957	161.9437	1.722742	1.471901
504	-636.7123	-797.978	161.2657	2.491693	1.402134
510	-623.6646	-784.961	161.2964	2.155224	1.630411
516	-637.3689	-799.7976	162.4287	2.043844	0.6900259
522	-579.4202	-741.6158	162.1956	2.043844	0.9840423
528	-759.233	-922.3321	163.0992	0.2730223	1.687289
534	-742.1132	-905.5636	163.4504	0.9343846	0.8205242
540	-592.7048	-752.719	160.0142	4.515639	0.4822217
546	-603.0549	-762.1514	159.0965	3.031329	2.507569
552	-628.2977	-789.6289	161.3312	3.032531	0.8468642
558	-779.136	-941.1442	162.0082	0.5537422	2.232409
564	-627.1964	-787.8404	160.644	1.917921	2.232409
570	-778.0937	-940.8407	162.747	1.775507	0.5656722
576	-1025.365	-1189.117	163.7518	0.6972551	0.7297963
582	-711.0951	-864.9229	153.8278	0.4421299	6.945936
588	-618.3917	-779.8061	161.4145	3.008775	0.7686055
594	-656.5067	-818.0047	161.4979	3.008775	0.6170977
600	-680.0285	-839.5247	159.4962	1.760729	3.039159
606	-697.393	-858.4338	161.0407	1.293731	2.377642
612	-628.5776	-789.9112	161.3335	2.677789	1.195387
618	-649.2162	-810.9947	161.7786	2.677789	0.3313537
624	-625.063	-786.3998	161.3368	3.191379	0.4667025
630	-668.1975	-830.2108	162.0133	1.261134	1.756149
636	-767.4183	-930.5934	163.1751	0.09937053	1.756149
642	-818.9343	-982.2348	163.3005	0.3642563	1.473146
648	-632.0747	-793.0335	160.9588	3.455155	0.2957678
654	-815.4737	-978.619	163.1453	1.279933	0.7657244
660	-641.3576	-803.6274	162.2698	2.155469	0.7657244
666	-642.093	-804.3241	162.2311	1.76675	1.206935
672	-587.3763	-748.9709	161.5946	2.125599	1.430874
678	-602.9274	-762.4878	159.5604	4.615891	1.046325
684	-618.862	-780.6643	161.8023	2.373958	1.046325
690	-668.18	-830.8813	162.7013	1.474968	1.046325
696	-655.0253	-815.9497	160.9244	3.251833	1.046325
702	-614.2804	-774.4489	160.1685	3.251833	1.652923
708	-655.2682	-816.4364	161.1682	2.252139	1.652923
714	-718.3138	-877.8532	159.5394	1.11244	3.397406
720	-672.3736	-832.3558	159.9823	0.5744666	3.453096
726	-661.2651	-823.3684	162.1033	1.531146	1.496003
732	-642.9061	-802.0139	159.1078	2.829332	2.625951
738	-657.1349	-819.2496	162.1147	2.355236	0.6947781
744	-627.5293	-787.0613	159.532	4.96804	0.3865462
750	-640.8207	-801.4909	160.6702	1.053417	2.757127
756	-599.2073	-759.5937	160.3865	1.337126	2.757127
762	-717.9929	-878.7981	160.8052	0.9183627	2.757127
768	-584.5591	-746.3	161.7408	2.053306	1.373401
774	-617.4349	-779.1758	161.7408	2.053306	1.373401
780	-588.0355	-748.9095	160.874	1.390618	2.42175
786	-630.5122	-791.4814	160.9692	2.790184	1.400571
792	-676.5242	-837.5349	161.0107	2.511407	1.579233
798	-851.1257	-1014.469	163.3435	0.859823	1.020101
804	-693.3849	-855.9846	162.5997	1.160652	1.399799
810	-611.6102	-773.5412	161.9309	2.590814	0.4368121
816	-775.5998	-937.1988	161.599	1.138384	2.118496
822	-650.4676	-810.0866	159.619	4.89016	0.4037373
828	-631.3282	-791.4093	160.0812	2.354805	2.313138
834	-689.5544	-852.1787	162.6243	1.740041	0.8460604
840	-893.6396	-1056.876	163.2363	1.217267	0.7225399
846	-631.533	-789.942	158.4089	6.019058	0.3064214
852	-624.6159	-786.4372	161.8213	2.628764	0.7281927
858	-754.9115	-910.9022	155.9907	0.2081218	5.899882
864	-641.0306	-794.5947	153.5641	2.634736	5.899882
870	-634.1217	-795.3985	161.2768	2.634736	1.279161
876	-662.339	-823.9158	161.5768	2.940666	0.5852288
882	-646.7209	-807.6505	160.9296	1.994993	1.994796
888	-762.645	-924.5529	161.9079	1.016668	1.994796
894	-808.2585	-970.6159	162.3573	0.5672521	1.994796
900	-854.1944	-1016.989	162.795	0.1296183	1.994796
906	-636.8528	-798.2307	161.3778	2.633108	1.195723
912	-715.6881	-877.1084	161.4203	1.371844	2.082513
918	-627.035	-787.4551	160.4201	2.372108	2.082513
924	-666.6794	-827.3429	160.6635	2.372108	1.920215
930	-774.8071	-936.791	161.984	2.430045	0.2958388
936	-958.7976	-1122.366	163.5679	0.9613238	0.475168
942	-615.0121	-775.6896	160.6775	2.356868	1.921102
948	-622.2163	-779.7491	157.5328	6.321487	1.325625
954	-604.1295	-757.8414	153.7119	10.14235	1.325625
960	-626.4126	-779.5654	153.1528	10.14235	1.741646
966	-719.1781	-881.6972	162.5191	2.004933	0.4453082
972	-625.6701	-786.1699	160.4998	1.35044	2.679519
978	-802.0877	-964.3873	162.2996	0.695857	1.947303
984	-619.6972	-780.5018	160.8046	3.133767	1.256982
990	-614.5437	-775.8481	161.3044	3.220251	0.5559458
996	-630.8882	-787.5919	156.7038	4.432414	3.11124
