Iteration	Posterior	Likelihood	Prior	rate_log_sd	tree_length
0	-594.2614	-756.0405	161.7791	2.725026	0.6238752
6	-565.8538	-725.8231	159.9693	4.546557	0.4193685
12	-540.9032	-700.6147	159.7115	4.818976	0.4959521
18	-621.4775	-782.2642	160.7866	3.131073	1.274085
24	-597.8705	-753.5547	155.6842	5.032911	3.359089
30	-625.7215	-787.6685	161.947	2.446533	0.8091801
36	-629.226	-789.7607	160.5347	3.807479	0.252464
42	-576.0115	-735.5007	159.4892	4.148665	0.09023936
48	-575.1837	-735.8306	160.6469	3.198646	0.1172303
54	-631.4463	-790.7607	159.3144	1.771186	3.141333
60	-605.1	-764.3471	159.2472	3.718639	1.967228
66	-664.2524	-826.5445	162.2921	2.210639	0.3912848
72	-586.5374	-748.136	161.5986	2.523438	1.097149
78	-603.4877	-760.247	156.7594	7.080046	1.337531
84	-649.1672	-806.6173	157.4501	7.080046	0.5134729
90	-605.2315	-766.104	160.8725	3.657829	0.5076641
96	-591.3006	-753.1622	161.8616	2.110686	1.228597
102	-564.4795	-725.5642	161.0847	2.015813	1.876151
108	-569.5966	-731.8721	162.2755	2.060503	0.8797535
114	-565.3148	-727.0197	161.7049	2.558431	0.9594765
120	-589.9407	-751.0901	161.1494	3.320486	0.6948365
126	-576.3884	-736.4512	160.0628	4.250613	0.9054403
132	-560.3615	-720.9882	160.6267	2.768546	1.670836
138	-589.4489	-748.6216	159.1727	3.633752	2.073108
144	-595.1892	-757.5365	162.3473	2.072381	0.7736989
150	-589.2437	-750.2172	160.9736	3.454932	0.3068141
156	-563.0133	-723.244	160.2306	3.454932	1.457348
162	-612.4143	-772.6144	160.2001	4.315825	0.4194182
168	-617.2342	-777.5815	160.3473	3.755462	1.114787
174	-636.7435	-797.262	160.5185	2.434761	1.975651
180	-602.5962	-763.2725	160.6763	3.525169	0.1958158
186	-611.4305	-772.6137	161.1832	3.315795	0.6362402
192	-638.2869	-799.6893	161.4025	2.67035	1.141632
198	-610.6893	-769.0174	158.328	5.117483	1.634828
204	-621.2612	-780.8416	159.5804	4.91947	0.634059
210	-557.9597	-720.123	162.1633	2.320093	0.6694963
216	-585.968	-747.1777	161.2097	3.012062	1.001902
222	-605.26	-765.6118	160.3518	3.671253	1.185315
228	-549.5126	-711.3598	161.8471	2.660064	0.3997223
234	-584.0021	-741.411	157.4089	5.951014	1.69601
240	-595.8864	-757.9064	162.02	2.166155	1.036816
246	-574.5268	-734.1992	159.6724	4.067216	1.415889
252	-563.8821	-725.9989	162.1169	2.377085	0.6476502
258	-537.0597	-699.013	161.9533	1.611658	1.547767
264	-571.8025	-733.3343	161.5317	2.986185	0.4248003
270	-618.947	-778.4724	159.5253	4.163612	1.454768
276	-624.7154	-785.816	161.1007	3.401943	0.6275349
282	-621.759	-781.1614	159.4024	4.053468	1.627368
288	-566.3271	-727.0746	160.7475	1.974419	2.128616
294	-568.4508	-730.1795	161.7287	1.437525	1.831177
300	-588.7101	-750.6142	161.9042	2.615859	0.5758791
306	-605.7995	-767.7633	161.9639	2.539843	0.624842
312	-622.837	-783.0117	160.1747	2.806288	1.957067
318	-689.4611	-851.322	161.8609	1.120086	1.957067
324	-676.974	-839.4433	162.4693	1.120912	1.529052
330	-555.2124	-712.2249	157.0125	2.788565	3.89058
336	-624.4165	-787.029	162.6125	1.700613	0.905804
342	-615.7344	-775.9976	160.2631	2.605995	2.031695
348	-632.3246	-792.5013	160.1767	2.864542	1.916431
354	-637.5042	-799.5308	162.0265	2.440091	0.700594
360	-583.3019	-744.5215	161.2196	3.083675	0.916693
366	-566.1388	-727.9569	161.8181	2.712369	0.4952068
372	-576.3131	-734.9925	158.6794	1.734166	3.536598
378	-593.8503	-755.7714	161.9211	1.727101	1.48565
384	-639.1864	-799.8178	160.6314	3.080581	1.437201
390	-623.5808	-784.1998	160.6189	3.749559	0.8409861
396	-604.0646	-764.8488	160.7842	3.040202	1.349496
402	-585.4403	-746.7109	161.2706	3.040202	0.9083598
408	-611.1753	-772.3405	161.1652	2.716631	1.303399
414	-605.0906	-763.9837	158.8931	3.913025	2.073323
420	-622.8238	-783.4071	160.5833	2.222798	2.073323
426	-593.5117	-754.7291	161.2174	2.896339	1.10474
432	-619.2052	-778.3059	159.1007	2.724381	2.694998
438	-623.0392	-784.652	161.6128	2.632029	0.9785389
444	-646.5504	-803.1038	156.5534	1.59882	4.822358
450	-669.336	-831.413	162.077	2.348218	0.7657925
456	-635.8675	-796.9649	161.0974	3.379003	0.3530943
462	-620.7293	-781.0064	160.2771	3.19259	1.617367
468	-611.136	-772.1838	161.0478	3.19259	0.9831553
474	-592.3154	-752.7035	160.3882	3.385777	1.389232
480	-540.4153	-701.9032	161.4879	3.026414	0.4153883
486	-611.649	-772.2494	160.6004	3.026414	1.50173
492	-596.9642	-757.3483	160.3841	3.76186	1.074999
498	-671.1891	-832.8056	161.6166	1.585103	1.80673
504	-616.7247	-778.8515	162.1268	2.008351	1.085062
510	-605.8206	-767.1474	161.3268	3.016394	0.2529448
516	-599.7913	-762.2535	162.4622	1.905041	0.8425652
522	-604.1036	-761.226	157.1224	3.394409	3.476393
528	-608.2424	-767.1407	158.8983	1.618542	3.476393
534	-629.1802	-791.1261	161.9459	1.969952	1.275637
540	-641.6056	-803.2681	161.6625	2.334311	1.207833
546	-621.342	-780.545	159.2031	3.96515	1.829831
552	-606.7391	-768.0794	161.3402	3.189145	0.5239132
558	-596.4926	-758.3123	161.8197	2.437323	0.966018
564	-564.7873	-726.4037	161.6163	2.692994	0.909987
570	-616.3077	-777.1491	160.8415	1.877623	2.130434
576	-616.1103	-778.2952	162.1849	2.164661	0.8638858
582	-591.8933	-752.9807	161.0873	2.932529	1.188052
588	-572.2388	-734.0833	161.8445	2.389682	0.989442
594	-558.0785	-718.5164	160.4378	3.562103	1.205147
600	-578.3793	-740.5493	162.17	1.958385	1.091325
606	-622.3619	-783.8806	161.5187	2.609698	1.091325
612	-641.6115	-803.4137	161.8023	2.530435	0.8835713
618	-634.3335	-795.6514	161.3178	2.530435	1.330429
624	-611.4964	-772.7742	161.2778	1.900535	1.822824
630	-636.1215	-797.2458	161.1242	3.154966	0.2238542
636	-639.57	-799.0039	159.4339	5.086115	0.5759294
642	-631.4816	-792.2515	160.7699	3.519961	0.9312605
648	-636.6846	-796.0122	159.3275	5.010825	0.8770233
654	-622.6192	-782.9568	160.3376	3.856435	1.029178
660	-606.9418	-766.9641	160.0223	2.798678	2.063519
666	-611.3682	-772.0011	160.6328	2.94175	1.540618
672	-611.552	-773.2229	161.6709	1.903691	1.540618
678	-559.8311	-719.8828	160.0517	1.982119	2.566086
684	-611.6793	-772.0848	160.4055	1.628385	2.566086
690	-581.8577	-741.9023	160.0446	4.348483	0.8097547
696	-626.0741	-785.1429	159.0688	5.173382	0.9813029
702	-621.9877	-782.9571	160.9694	3.525572	0.3783554
708	-630.2107	-791.4214	161.2107	3.305091	0.590796
714	-617.8761	-777.9077	160.0316	2.728214	2.103776
720	-642.0435	-799.3368	157.2933	4.232116	2.877591
726	-656.2012	-811.9616	155.7603	7.837633	1.523261
732	-642.5363	-803.5801	161.0438	2.697063	1.41491
738	-610.6817	-769.9891	159.3073	4.433537	1.41491
744	-611.8692	-771.7594	159.8902	4.013305	1.28577
750	-641.9362	-802.8618	160.9256	3.593393	0.5797954
756	-601.4358	-763.1431	161.7073	2.607596	0.9037597
762	-627.9226	-789.9248	162.0022	2.508854	0.6050875
768	-625.985	-787.9775	161.9925	2.508854	0.6305861
774	-610.2483	-771.0953	160.847	2.307026	1.839599
780	-619.3878	-777.8159	158.4281	4.77846	1.803385
786	-616.1806	-774.7174	158.5368	4.77846	1.727544
792	-593.9345	-755.6519	161.7174	2.074348	1.375252
798	-611.6313	-771.3023	159.671	4.442169	1.105293
804	-623.5328	-783.3714	159.8386	4.274514	1.105293
810	-618.5089	-780.0269	161.518	2.929524	0.7322315
816	-648.8252	-811.0363	162.2111	2.236449	0.7322315
822	-604.9833	-766.6342	161.6509	2.629266	0.9417295
828	-621.2039	-779.8662	158.6623	3.931873	2.21161
834	-636.0573	-798.0324	161.9751	2.360955	0.8797459
840	-578.456	-738.5581	160.1021	2.607562	2.136595
846	-609.3898	-762.984	153.5941	3.466018	5.427474
852	-592.1167	-753.8044	161.6877	2.532696	1.003227
858	-598.1792	-758.1121	159.9328	1.333025	3.033798
864	-565.0963	-726.437	161.3407	1.491972	2.055815
870	-564.3611	-725.942	161.5809	1.251796	2.055815
876	-582.0062	-742.3922	160.386	2.446659	2.055815
882	-602.3906	-762.4751	160.0845	3.622941	1.440665
888	-627.4092	-787.64	160.2308	3.431606	0.09299231
894	-618.8857	-777.5516	158.666	4.452552	0.04948115
900	-630.1988	-788.6787	158.4799	4.638635	0.04948115
906	-639.1279	-798.9862	159.8583	4.638635	0.3813837
912	-649.2367	-811.2524	162.0157	2.204456	1.003509
918	-596.5825	-757.1956	160.6132	2.323914	1.986456
924	-601.5791	-762.8989	161.3197	3.199173	0.5799655
930	-605.5374	-766.2104	160.673	3.352169	1.183497
936	-624.7165	-786.7686	162.0521	2.324403	0.8310213
942	-665.9324	-824.96	159.0277	1.019875	3.74875
948	-584.3046	-746.4968	162.1922	1.77532	1.23262
954	-557.8503	-717.4936	159.6433	1.564101	3.068748
960	-584.9021	-742.3871	157.485	1.265364	4.487287
966	-552.3231	-709.8013	157.4782	3.346463	3.295799
972	-628.809	-787.6378	158.8288	1.700895	3.468892
978	-603.3676	-765.4275	162.0599	2.395132	0.7202123
984	-617.6444	-779.5861	161.9417	2.395132	0.8787776
990	-640.2337	-799.7638	159.5302	3.310359	2.050624
996	-631.4941	-791.1519	159.6579	4.853172	0.6052429
