Iteration	Posterior	Likelihood	Prior	rate_log_sd	tree_length
0	-603.2377	-762.5839	159.3462	5.147714	0.3767446
6	-820.2096	-983.422	163.2124	0.6959721	1.281763
12	-1184.556	-1348.412	163.8558	0.572552	0.3067077
18	-1044.332	-1208.006	163.6735	0.3311814	1.20107
24	-889.5248	-1052.097	162.5723	0.2556688	2.058948
30	-1134.827	-1299.099	164.2725	0.2533688	0.5495483
36	-757.8605	-920.2064	162.3459	2.161664	0.4004516
42	-688.6652	-850.938	162.2728	1.369271	1.490267
48	-911.0304	-1073.749	162.719	0.3389469	1.905129
54	-1072.93	-1236.904	163.9735	0.3389469	0.906489
60	-842.3264	-1004.785	162.4588	0.4033335	2.036359
66	-906.7015	-1069.858	163.1569	0.4033335	1.551191
72	-936.9872	-1100.458	163.4712	0.08906559	1.551191
78	-1081.838	-1245.921	164.0825	0.0549817	1.082895
84	-1299.278	-1463.566	164.2883	0.2145778	0.3915327
90	-877.1145	-1040.151	163.0361	1.478251	0.4154905
96	-1005.507	-1169.255	163.7477	0.7828164	0.4966654
102	-897.8086	-1061.468	163.6591	0.1220737	1.383556
108	-959.1373	-1122.498	163.3606	0.4206321	1.383556
114	-961.1481	-1124.765	163.6171	0.4206321	1.172558
120	-646.7067	-807.0201	160.3134	3.724269	1.172558
126	-1013.679	-1177.368	163.6893	0.3483772	1.172558
132	-1030.476	-1194.086	163.6109	0.4268516	1.172558
138	-723.8732	-886.0739	162.2007	2.278943	0.3570274
144	-829.9118	-992.6487	162.7369	1.672906	0.292835
150	-771.0535	-933.9511	162.8976	0.9354404	1.342641
156	-980.4896	-1144.034	163.544	0.2889667	1.342641
162	-641.0463	-803.1901	162.1438	1.888388	1.177329
168	-1607.987	-1771.369	163.3822	0.2291305	0.08737485
174	-789.2031	-952.1479	162.9448	1.58511	0.4830591
180	-925.4236	-1087.029	161.6053	0.1985384	2.708012
186	-790.0838	-952.8961	162.8123	1.12427	1.258531
192	-1290.363	-1454.311	163.948	0.4519097	0.2859998
198	-1050.911	-1214.862	163.9513	0.058802	1.196444
204	-1055.992	-1219.67	163.678	0.1530021	1.344227
210	-1251.578	-1415.018	163.4405	0.8984642	0.2508098
216	-1323.894	-1488.397	164.5035	0.02354536	0.459858
222	-1273.493	-1438.015	164.5224	0.004662878	0.459858
228	-948.3606	-1110.747	162.3862	0.007378334	2.340104
234	-634.506	-795.7602	161.2541	2.32825	1.534837
240	-628.0515	-788.8178	160.7663	2.816091	1.534837
246	-1129.479	-1293.192	163.7132	0.6909642	0.2889163
252	-1287.588	-1451.857	164.2692	0.1350042	0.2889163
258	-870.6503	-1033.29	162.6397	0.5424894	1.820223
264	-899.3619	-1062.543	163.1806	1.346151	0.5444126
270	-745.3374	-906.8656	161.5282	1.178171	2.138774
276	-935.4069	-1098.654	163.2474	0.1348436	1.680154
282	-1014.419	-1177.895	163.4759	0.1301034	1.51727
288	-1036.363	-1199.255	162.8916	0.04618996	1.985962
294	-963.8743	-1126.824	162.9493	1.567202	0.4210498
300	-1103.909	-1268.258	164.3494	0.1043495	0.7221824
306	-1156.656	-1320.716	164.06	0.05606902	1.102616
312	-1068.175	-1232.133	163.9579	0.1581526	1.102616
318	-1315.855	-1480.157	164.3022	0.1727787	0.6855738
324	-1194.768	-1358.692	163.9242	0.6003095	0.5565762
330	-1231.114	-1395.364	164.2499	0.1720575	0.7704802
336	-975.9859	-1138.432	162.446	0.1254537	2.226268
342	-654.2933	-816.2876	161.9943	2.511927	0.3978694
348	-1242.006	-1406.224	164.2185	0.2584967	0.3538255
354	-630.7905	-792.8868	162.0963	2.402778	0.6359605
360	-1143.29	-1307.172	163.8818	0.6285626	0.4063359
366	-1248.184	-1411.574	163.3895	0.7172523	0.1687467
372	-811.0402	-972.5733	161.5331	0.7172523	2.430764
378	-888.8762	-1052.054	163.1775	0.612021	1.377033
384	-748.3781	-910.2772	161.8991	1.096951	1.946929
390	-752.0131	-914.5336	162.5205	2.005818	0.5470477
396	-749.2121	-911.7326	162.5205	2.005818	0.5470477
402	-1324.068	-1487.993	163.9254	0.4045391	0.2463427
408	-1329.569	-1494.028	164.4594	0.05928024	0.5809814
414	-770.7731	-933.6971	162.924	1.127217	1.160754
420	-947.4891	-1109.676	162.1869	0.2163223	2.333971
426	-764.2704	-927.483	163.2126	1.143783	0.8557137
432	-896.8985	-1060.303	163.4045	0.1423473	1.561096
438	-770.6559	-933.9354	163.2795	0.8937635	1.049212
444	-1036.919	-1200.377	163.4587	0.8937635	0.2577948
450	-876.0911	-1039.741	163.6504	0.5129141	1.058677
456	-894.187	-1057.837	163.6504	0.5129141	1.058677
462	-1014.09	-1177.731	163.6408	0.8788625	0.4298944
468	-1126.692	-1287.955	161.2622	2.013912	0.05904576
474	-969.9	-1133.448	163.5482	0.5430657	1.125165
480	-778.7859	-941.2979	162.5121	0.5430657	1.907019
486	-841.5811	-1004.918	163.3369	0.5859478	1.269812
492	-973.4763	-1137.16	163.6838	0.2391242	1.269812
498	-1024.938	-1188.879	163.9415	0.04749376	1.214492
504	-1267.819	-1431.69	163.8708	0.3956328	0.2188053
510	-1056.709	-1220.724	164.0153	0.5151237	0.5042239
516	-961.3501	-1124.879	163.5293	0.04363865	1.541838
522	-642.7664	-802.6751	159.9087	4.45782	0.8434284
528	-940.2415	-1103.361	163.12	0.1528127	1.757339
534	-869.8723	-1031.855	161.9824	0.4072886	2.342587
540	-934.7819	-1097.006	162.2236	0.1661138	2.342587
546	-670.2948	-831.8103	161.5155	2.78608	0.2332753
552	-622.8735	-784.6882	161.8147	2.273453	1.127946
558	-719.047	-881.6549	162.6079	1.480196	1.127946
564	-729.3763	-891.7294	162.3531	1.585076	1.257131
570	-1168.97	-1331.396	162.4256	1.585076	0.1466596
576	-1274.666	-1438.846	164.1799	0.3238512	0.6246318
582	-1033.919	-1197.627	163.7077	0.3762629	1.131662
588	-924.0221	-1087.262	163.2399	0.7445986	1.218331
594	-998.2201	-1162.126	163.9057	0.4178664	0.8940056
600	-643.311	-804.102	160.791	3.011113	1.36713
606	-639.3732	-800.1642	160.791	3.011113	1.36713
612	-916.1014	-1078.966	162.8641	0.5911151	1.627824
618	-1077.876	-1240.92	163.0442	1.329527	0.2696327
624	-1209.926	-1373.783	163.8562	0.6078672	0.3391908
630	-1019.575	-1183.418	163.842	0.5490182	0.812436
636	-1221.82	-1386.339	164.5189	0.00115597	0.4310719
642	-1268.1	-1432.619	164.5189	0.00115597	0.4310719
648	-1408.877	-1572.354	163.4764	0.3624972	0.1162159
654	-1723.845	-1884.495	160.6499	0.9232523	0.009745234
660	-992.6486	-1156.371	163.7221	0.1401834	1.319194
666	-839.897	-1002.379	162.4816	0.1450238	2.190606
672	-908.3637	-1071.159	162.7948	0.2591374	1.90783
678	-1207.498	-1371.969	164.4712	0.05256224	0.5604025
684	-655.2954	-815.7969	160.5014	1.943339	2.307527
690	-1348.969	-1512.611	163.6425	0.453317	0.1659923
696	-925.3201	-1088.633	163.313	0.9663671	0.9425428
702	-665.2803	-827.5851	162.3048	2.158733	0.7059341
708	-626.5802	-789.0018	162.4216	2.041929	0.7059341
714	-1233.287	-1397.517	164.2295	0.2605064	0.3708366
720	-1190.449	-1354.277	163.8287	0.4787821	0.2358744
726	-882.7823	-1045.808	163.0257	0.4787821	1.592106
732	-1068.921	-1232.83	163.9085	0.4787821	0.8172984
738	-1289.704	-1454.059	164.3556	0.1678115	0.4428917
744	-634.7445	-793.9606	159.2161	4.59708	1.358406
750	-938.1313	-1101.2	163.0685	1.461991	0.5012534
756	-944.0397	-1107.316	163.2761	0.6971571	1.227788
762	-1067.079	-1230.982	163.9033	0.313935	1.006343
768	-764.6674	-927.3046	162.6372	1.888139	0.4509234
774	-1187.678	-1351.538	163.8597	0.4944698	0.2586832
780	-1055.983	-1219.39	163.4073	0.9765264	0.2756941
786	-864.4903	-1027.22	162.7301	1.760181	0.3713052
792	-879.4008	-1041.837	162.4358	0.658388	1.880475
798	-1229.221	-1393.213	163.9921	0.4796228	0.3475384
804	-860.8402	-1023.41	162.5694	0.4796228	1.91116
810	-921.8342	-1085.323	163.4891	0.3663096	1.324673
816	-1037.976	-1201.778	163.802	0.6266212	0.7608348
822	-851.0974	-1013.609	162.5113	0.5817791	1.881216
828	-780.3538	-942.2051	161.8513	2.46204	0.2385175
834	-1003.257	-1166.39	163.1328	1.346707	0.3569113
840	-733.3529	-896.0116	162.6587	1.346707	1.200491
846	-1050.328	-1214.483	164.1549	0.1028781	0.9652639
852	-851.163	-1014.22	163.0573	1.200473	0.9652639
858	-1317.071	-1481.322	164.2502	0.2679699	0.4256486
864	-702.1589	-862.6797	160.5209	1.272657	2.714319
870	-699.8153	-861.049	161.2337	1.272657	2.268129
876	-697.7904	-860.2015	162.411	1.780838	1.031297
882	-912.1952	-1075.615	163.4198	1.003815	0.7681102
888	-1098.703	-1261.225	162.523	1.300713	0.1139386
894	-929.2894	-1090.458	161.169	0.04228193	3.06644
900	-1046.379	-1210.128	163.749	0.1353585	1.301343
906	-1137.865	-1302.065	164.2003	0.3301454	0.5010528
912	-969.2927	-1132.523	163.2301	1.275046	0.3957425
918	-1079.23	-1242.467	163.2371	1.167183	0.2890044
924	-712.7227	-872.3385	159.6158	1.167183	3.320344
930	-772.5781	-932.8306	160.2525	0.3581349	3.42156
936	-804.9755	-968.2222	163.2467	1.241537	0.6598635
942	-1005.838	-1169.561	163.7222	0.5668658	0.9322064
948	-1017.604	-1181.42	163.8159	0.468471	0.9371578
954	-996.4131	-1160.231	163.8182	0.6701296	0.6595588
960	-1014.973	-1178.83	163.8571	0.6701296	0.5413131
966	-1154.798	-1318.818	164.02	0.4328349	0.3278983
972	-1353.81	-1517.82	164.0096	0.2691633	0.2237045
978	-1510.495	-1673.927	163.4315	0.06287415	0.07598169
984	-934.9824	-1098.779	163.7971	0.2779945	1.139635
990	-907.2318	-1070.931	163.6992	0.6396222	0.8765383
996	-628.0548	-788.9195	160.8647	3.640049	0.394989
