Iteration	Posterior	Likelihood	Prior	rate_log_sd	tree_length
0	-92.19822	-255.2779	163.0797	0.8823339	1.237287
6	-90.5144	-253.6016	163.0872	0.8747726	1.237287
12	-90.78721	-252.9862	162.199	0.9290302	1.857417
18	-89.37941	-251.5122	162.1328	0.4226639	2.236582
24	-89.98156	-252.808	162.8265	0.4133395	1.7803
30	-95.40166	-257.1431	161.7415	0.6382964	2.348924
36	-100.6432	-263.5988	162.9556	0.9979846	1.244312
42	-95.55216	-258.3627	162.8105	0.6971731	1.589749
48	-97.00187	-259.7306	162.7288	0.6971731	1.648909
54	-100.2372	-262.7845	162.5473	0.938217	1.605886
60	-91.74618	-254.8725	163.1263	1.078948	1.018221
66	-94.49657	-257.8296	163.333	1.078948	0.7844258
72	-105.9633	-268.294	162.3307	1.003471	1.714184
78	-115.9506	-278.6332	162.6826	0.6840443	1.691211
84	-110.005	-272.6877	162.6826	0.6840443	1.691211
90	-104.4616	-267.312	162.8504	0.6695706	1.580809
96	-102.8037	-265.3042	162.5005	0.2386523	2.117337
102	-96.06036	-259.1256	163.0652	1.067177	1.087603
108	-94.35581	-257.6034	163.2476	1.161238	0.7887738
114	-93.94118	-257.0459	163.1048	1.161238	0.9566778
120	-86.29201	-249.0774	162.7854	0.9305921	1.434103
126	-93.0824	-255.6928	162.6104	0.1241048	2.120349
132	-100.2747	-262.9357	162.6611	0.6283225	1.745701
138	-99.08606	-261.6636	162.5775	0.3647516	1.982982
144	-108.3513	-271.0575	162.7062	0.546047	1.77167
150	-103.4001	-266.39	162.9899	0.7954835	1.380258
156	-100.2133	-263.6312	163.4179	0.8614814	0.9425311
162	-101.8136	-264.9896	163.1759	1.354339	0.4899701
168	-102.7333	-265.9123	163.179	1.337545	0.588257
174	-98.99564	-262.3435	163.3479	1.105893	0.7222603
180	-108.7993	-271.656	162.8567	1.669137	0.4532963
186	-105.186	-268.1869	163.0009	1.527465	0.4682554
192	-98.48501	-261.4769	162.9919	1.527465	0.578472
198	-103.5316	-266.5799	163.0483	1.217204	0.95722
204	-102.8749	-266.0333	163.1585	1.093492	0.9712739
210	-102.9029	-265.9464	163.0435	0.7683932	1.359382
216	-104.57	-267.7617	163.1917	1.072385	0.9586783
222	-107.4394	-270.3971	162.9578	1.072385	1.179148
228	-103.8397	-267.126	163.2862	0.7922432	1.136624
234	-111.309	-274.3169	163.0079	0.6238441	1.498044
240	-104.0779	-266.9603	162.8825	0.6238441	1.590776
246	-99.65747	-262.5399	162.8825	0.6238441	1.590776
252	-99.4836	-261.5978	162.1142	0.3130709	2.318679
258	-100.1226	-263.0549	162.9322	0.4706496	1.665428
264	-101.4077	-264.3661	162.9583	0.09524559	1.908068
270	-102.4088	-264.9541	162.5453	0.4236698	1.965119
276	-105.1094	-267.4904	162.381	0.5413395	1.996317
282	-104.2582	-267.8094	163.5512	0.4396111	1.212912
288	-97.86673	-260.5278	162.6611	1.077112	1.416978
294	-93.42436	-256.5568	163.1325	1.26144	0.8087262
300	-93.32983	-256.5494	163.2196	1.26144	0.6741524
306	-95.99904	-259.252	163.253	1.26144	0.4156962
312	-95.2584	-258.7497	163.4913	0.9837619	0.685379
318	-92.57995	-255.8876	163.3076	0.9357227	0.9800838
324	-97.57934	-260.1114	162.5321	0.9299761	1.622886
330	-96.01108	-259.3197	163.3086	0.5909661	1.288931
336	-99.23245	-262.2928	163.0604	0.398196	1.62543
342	-100.7107	-263.9422	163.2315	0.2656054	1.597501
348	-95.37509	-258.5153	163.1402	0.06677722	1.803095
354	-112.0293	-275.5496	163.5203	0.0103022	1.573019
360	-98.81439	-261.5347	162.7204	0.003366659	2.127412
366	-99.48473	-261.7315	162.2468	0.01055141	2.42633
372	-108.2564	-270.4618	162.2055	0.05190765	2.42633
378	-109.894	-272.8227	162.9288	0.4135329	1.708473
384	-99.60381	-261.8532	162.2494	0.09955205	2.368447
390	-103.6688	-265.5347	161.8658	0.6347978	2.271778
396	-91.45223	-253.6645	162.2122	0.05934361	2.417379
402	-87.52173	-250.8645	163.3428	0.1913257	1.570427
408	-99.3277	-261.4425	162.1148	0.09610569	2.455524
414	-104.2436	-267.0054	162.7618	0.09313236	2.041104
420	-98.62728	-260.4144	161.7871	0.5404491	2.382024
426	-101.8996	-263.2648	161.3652	0.0828252	2.924345
432	-93.65003	-255.6398	161.9898	0.3047149	2.402912
438	-95.64386	-258.7723	163.1284	0.5112042	1.492121
444	-93.50875	-256.4758	162.967	0.07148294	1.918299
450	-93.06813	-253.984	160.9159	0.116305	3.173059
456	-93.74653	-255.1118	161.3653	0.2894223	2.799124
462	-92.17269	-255.0987	162.926	0.223101	1.842938
468	-91.26195	-253.9913	162.7293	0.3692485	1.877519
474	-100.5977	-263.4582	162.8605	0.2175579	1.89145
480	-92.02487	-254.2336	162.2087	0.2158371	2.32041
486	-101.2375	-264.117	162.8795	0.3361524	1.797088
492	-97.7255	-259.9374	162.2119	0.4290977	2.181275
498	-100.7485	-263.7263	162.9777	0.173401	1.841551
504	-110.0804	-272.4383	162.3579	0.8272925	1.818141
510	-108.0947	-270.5279	162.4331	0.7787048	1.799717
516	-99.1222	-261.8202	162.698	0.4698635	1.830053
522	-100.8024	-262.3471	161.5447	0.5433643	2.532362
528	-111.9432	-273.2705	161.3273	0.6366963	2.6094
534	-109.2826	-272.4263	163.1436	1.075658	1.004365
540	-102.3871	-265.3456	162.9585	1.075658	1.175636
546	-105.5772	-268.7228	163.1457	0.8885096	1.175636
552	-119.7379	-282.5683	162.8304	0.9559551	1.379537
558	-121.2359	-284.0198	162.7838	1.442792	0.9970071
564	-120.4995	-283.655	163.1555	1.134348	0.9313527
570	-115.2532	-277.9766	162.7234	1.134348	1.322844
576	-109.6505	-271.4911	161.8405	0.4008394	2.436383
582	-114.291	-276.6584	162.3674	0.2014412	2.227924
588	-101.7635	-263.1372	161.3737	0.3567187	2.75295
594	-103.0333	-265.5807	162.5474	0.09911907	2.177686
600	-116.4384	-279.3507	162.9123	0.08834816	1.943809
606	-118.5289	-280.699	162.1701	0.8306046	1.943809
612	-119.8354	-281.436	161.6006	0.3611252	2.610767
618	-111.1287	-274.0972	162.9685	0.6085655	1.538793
624	-105.1636	-267.7719	162.6083	1.024968	1.496856
630	-100.646	-263.8248	163.1788	1.024968	1.019661
636	-93.82444	-257.1156	163.2912	1.081782	0.8354706
642	-89.48194	-252.4704	162.9885	1.373497	0.8489911
648	-97.41178	-260.4302	163.0184	1.498959	0.585329
654	-94.11761	-256.9942	162.8766	1.624372	0.3881184
660	-101.4802	-264.3787	162.8985	1.624372	0.5642109
666	-91.43177	-254.8054	163.3736	0.6733345	1.164478
672	-93.2202	-255.986	162.7658	0.3568951	1.86103
678	-100.7354	-262.836	162.1005	0.244293	2.371081
684	-99.60111	-262.4351	162.834	1.220633	1.157723
690	-102.1266	-265.1172	162.9906	1.291306	0.9398622
696	-116.3269	-277.6265	161.2997	0.6692131	2.606354
702	-107.2562	-268.4304	161.1741	0.5024927	2.785769
708	-115.8699	-276.9713	161.1014	0.4515784	2.860904
714	-112.7162	-274.775	162.0588	0.3473286	2.332172
720	-111.4033	-273.0761	161.6728	0.2533165	2.632755
726	-110.2687	-273.6129	163.3442	0.3960255	1.415387
732	-109.8816	-273.1676	163.286	0.3186454	1.51832
738	-106.4454	-269.4829	163.0375	1.205921	0.9800207
744	-111.9985	-275.3732	163.3746	0.8198808	1.028721
750	-111.7857	-273.884	162.0983	0.8198808	1.99907
756	-115.7031	-278.4231	162.7201	0.8198808	1.566171
762	-111.7656	-274.9834	163.2178	0.1857679	1.664904
768	-102.7793	-265.031	162.2517	0.6672453	1.998552
774	-105.0223	-267.6636	162.6412	0.8243241	1.620384
780	-102.0792	-264.9864	162.9072	1.239642	1.074204
786	-100.4164	-263.5518	163.1354	0.7191622	1.325373
792	-108.8286	-271.7775	162.9488	1.134846	1.131939
798	-116.0897	-279.2547	163.165	1.134846	0.9204086
804	-109.0126	-271.6508	162.6382	1.122696	1.399398
810	-101.0782	-263.3738	162.2956	1.122696	1.654367
816	-102.4756	-265.6324	163.1568	0.9825332	1.081208
822	-100.1579	-262.2046	162.0467	0.9825332	1.92457
828	-97.87425	-260.9122	163.0379	0.4495803	1.604471
834	-91.97582	-255.1861	163.2103	0.5246067	1.419541
840	-98.11912	-261.2183	163.0992	1.03182	1.088865
846	-91.68427	-254.6176	162.9333	0.3523801	1.748295
852	-94.8775	-256.6295	161.752	0.6807136	2.315236
858	-92.1577	-254.4093	162.2516	0.1810843	2.315236
864	-91.38171	-254.0394	162.6577	0.5732555	1.786438
870	-94.03595	-257.0839	163.048	0.5732555	1.505902
876	-95.29	-258.7968	163.5068	0.4727821	1.222462
882	-91.62253	-255.0559	163.4333	0.7548343	1.034888
888	-98.71758	-260.7086	161.991	0.3353422	2.382763
894	-90.53082	-252.4942	161.9634	0.3625791	2.383011
900	-98.7691	-261.04	162.2709	0.05511537	2.383011
906	-95.56479	-257.6827	162.1179	0.2025071	2.386528
912	-96.06743	-258.8223	162.7549	0.09522361	2.044273
918	-97.18471	-259.7065	162.5218	0.3174736	2.051467
924	-105.2356	-267.1852	161.9496	0.05028241	2.58716
930	-104.0394	-265.6539	161.6145	0.206551	2.697472
936	-107.1818	-266.3886	159.2068	0.3909858	4.006925
942	-96.86987	-258.3678	161.4979	0.1207773	2.821005
948	-99.16879	-260.7792	161.6104	0.008326585	2.821005
954	-103.7607	-265.279	161.5183	0.53782	2.552252
960	-108.0022	-270.2694	162.2672	0.4219149	2.14997
966	-102.3789	-264.5751	162.1962	0.4929509	2.14997
972	-98.0281	-260.3677	162.3396	0.4113661	2.109584
978	-101.5052	-264.1085	162.6032	0.5260461	1.856533
984	-112.0001	-273.8741	161.874	0.5228592	2.338022
990	-102.5558	-264.6559	162.1002	0.2967114	2.338022
996	-113.7979	-277.2308	163.4329	0.7415795	1.048032
