Iteration	Posterior	Likelihood	Prior	rate_log_sd	tree_length
0	-200.9966	-363.6855	162.6889	1.677635	0.8434083
6	-205.5765	-366.8353	161.2588	0.7097377	2.606566
12	-217.6195	-378.6376	161.0182	0.9184395	2.626308
18	-216.2553	-376.6089	160.3536	0.8416596	3.076006
24	-219.33	-381.0881	161.7581	1.932838	1.453243
30	-212.4733	-374.85	162.3767	2.151342	0.5354548
36	-206.5707	-369.1033	162.5326	1.997434	0.5153819
42	-223.4783	-386.0337	162.5554	1.974004	0.4767048
48	-206.1286	-368.3954	162.2668	1.973929	0.9828034
54	-230.5573	-393.0052	162.4479	1.973929	0.7706581
60	-230.688	-392.1265	161.4385	2.773535	1.011573
66	-232.5246	-394.8902	162.3657	2.134908	0.3874873
72	-216.7521	-379.5918	162.8397	1.569887	0.7877484
78	-220.3738	-383.2135	162.8397	1.569887	0.7877484
84	-227.8797	-389.9441	162.0644	1.215887	1.752069
90	-222.4779	-384.5423	162.0644	1.215887	1.752069
96	-208.0665	-369.5993	161.5328	1.024597	2.235319
102	-215.5732	-378.0249	162.4517	0.7271581	1.822478
108	-209.6351	-371.7908	162.1556	0.7221905	2.025924
114	-214.9252	-376.5794	161.6542	1.351778	1.940238
120	-220.8705	-383.1433	162.2728	1.905885	1.044017
126	-246.7211	-407.5525	160.8314	1.515274	2.369935
132	-236.8939	-399.9403	163.0465	1.483422	0.517646
138	-235.5657	-398.3377	162.7721	1.450271	1.001315
144	-227.8525	-390.3717	162.5192	1.450271	1.231022
150	-222.6954	-384.9132	162.2178	1.27175	1.603008
156	-198.1669	-360.3827	162.2158	0.965337	1.820894
162	-224.4256	-386.4586	162.033	1.264707	1.739858
168	-224.8117	-387.4099	162.5982	1.823022	0.7715554
174	-229.786	-392.4378	162.6518	1.854776	0.6175822
180	-225.7071	-388.1992	162.4921	1.937273	0.759784
186	-235.7161	-398.7189	163.0028	1.351941	0.8577185
192	-231.9676	-393.5493	161.5817	2.122721	1.442986
198	-222.1924	-382.4628	160.2704	0.9278248	3.074215
204	-233.9716	-396.7121	162.7404	1.025403	1.395555
210	-247.731	-410.5398	162.8088	1.550782	0.8519124
216	-227.5096	-389.6997	162.19	1.612204	1.367007
222	-221.7636	-384.0921	162.3285	1.825624	1.06739
228	-186.3944	-349.1051	162.7107	1.347664	1.154455
234	-222.4403	-385.1166	162.6763	1.382025	1.154455
240	-219.6003	-381.8362	162.2359	2.260536	0.380543
246	-202.8831	-363.485	160.6019	2.597767	1.808143
252	-174.5597	-337.0348	162.4751	2.008436	0.362001
258	-169.0764	-331.47	162.3936	2.008285	0.7981944
264	-162.6727	-325.2497	162.577	1.454877	1.177614
270	-169.2507	-332.2849	163.0342	1.108134	1.078382
276	-170.5389	-332.7453	162.2064	0.9168775	1.860645
282	-180.618	-341.728	161.11	0.930837	2.561762
288	-180.0946	-340.1051	160.0105	0.9379928	3.222655
294	-187.7188	-348.4099	160.691	0.2575132	3.222655
300	-192.019	-353.5583	161.5393	0.6773125	2.451953
306	-189.4844	-350.4701	160.9857	0.8340917	2.69822
312	-201.6847	-363.9935	162.3088	0.6145956	1.9956
318	-217.9855	-380.422	162.4365	0.4868865	1.9956
324	-206.3171	-369.2146	162.8974	0.8266962	1.427825
330	-219.7586	-382.5133	162.7547	1.015601	1.392051
336	-228.4511	-390.5766	162.1256	2.053327	0.1887812
342	-213.4444	-375.8957	162.4514	2.053327	0.622348
348	-208.4569	-371.1639	162.707	1.584817	0.9292356
354	-219.463	-382.524	163.0609	1.356458	0.7769309
360	-211.9592	-375.2388	163.2796	1.137733	0.7769309
366	-203.4951	-365.0098	161.5148	0.6982645	2.454212
372	-222.4225	-384.4	161.9775	0.5111346	2.279466
378	-197.1061	-358.6233	161.5172	0.7917087	2.393794
384	-205.8551	-368.856	163.0008	0.9246477	1.267664
390	-213.5067	-375.2867	161.78	2.367417	1.073674
396	-241.7515	-402.7051	160.9536	3.460996	0.2962402
402	-242.262	-404.3685	162.1065	2.400238	0.3988167
408	-227.5088	-390.0672	162.5584	1.948335	0.3988167
414	-227.8	-390.3234	162.5234	1.948335	0.3475937
420	-229.1045	-391.6775	162.573	1.945928	0.5801133
426	-219.9897	-382.5687	162.5789	1.945928	0.5548749
432	-211.874	-373.8267	161.9527	2.358823	0.2377019
438	-193.4293	-355.5152	162.0859	2.358823	0.3204934
444	-179.5335	-341.5385	162.005	1.485124	1.602593
450	-196.649	-358.9367	162.2877	1.434375	1.429426
456	-207.3259	-367.3092	159.9832	0.1771792	3.683543
462	-209.5377	-370.9175	161.3798	0.04890117	2.936006
468	-198.6204	-359.7021	161.0816	0.3470559	2.936006
474	-169.3405	-332.0727	162.7322	0.7221288	1.628497
480	-176.1362	-338.8859	162.7497	0.652178	1.666109
486	-174.2699	-335.2538	160.9839	0.7290399	2.763595
492	-168.6942	-330.6689	161.9747	0.2895348	2.422007
498	-198.5554	-360.504	161.9485	0.2379794	2.470855
504	-205.9677	-367.6325	161.6648	0.5217376	2.470855
510	-214.0877	-373.5159	159.4282	0.6125684	3.752667
516	-215.4353	-376.4434	161.008	0.8074087	2.700907
522	-227.5129	-389.6946	162.1817	0.6773008	2.03838
528	-209.6416	-372.2943	162.6527	0.9968484	1.484616
534	-210.6809	-373.5488	162.8679	1.12263	1.213165
540	-222.569	-385.0907	162.5217	1.303266	1.349046
546	-214.2149	-374.9699	160.755	0.8784051	2.812053
552	-224.3624	-387.2853	162.9229	1.072075	1.209384
558	-240.2777	-402.6455	162.3678	2.138439	0.3977878
564	-244.5346	-406.927	162.3924	2.137496	0.517431
570	-234.3734	-396.9757	162.6023	1.895422	0.3826137
576	-228.7847	-390.7266	161.9419	2.509906	0.3269666
582	-220.3761	-382.7659	162.3898	2.109902	0.6344742
588	-211.6941	-373.3617	161.6676	2.488059	1.065927
594	-206.2742	-368.7742	162.5	1.98294	0.6703507
600	-217.6963	-380.6971	163.0008	1.521868	0.565203
606	-237.237	-397.502	160.265	3.949982	1.008656
612	-215.5901	-377.8918	162.3017	2.077368	0.2728404
618	-209.4543	-371.7267	162.2725	2.077368	0.2564178
624	-190.1674	-352.9137	162.7464	1.777026	0.5618918
630	-207.8783	-370.6089	162.7306	1.795923	0.4565171
636	-197.5999	-360.3131	162.7132	1.809735	0.4410246
642	-210.0956	-371.955	161.8594	2.240521	0.1670127
648	-206.3346	-368.6311	162.2965	2.229696	0.4549479
654	-204.2818	-366.1412	161.8594	2.568971	0.3067177
660	-211.3072	-373.5895	162.2823	2.232966	0.4176889
666	-204.3093	-366.7871	162.4778	2.050469	0.4673636
672	-206.0762	-367.5782	161.5021	0.6406312	2.49828
678	-208.6855	-370.2855	161.6	0.5427081	2.49828
684	-192.8398	-355.7383	162.8984	0.8696422	1.393795
690	-207.352	-370.2332	162.8811	0.8021186	1.459094
696	-200.88	-362.1902	161.3102	0.5542897	2.670778
702	-164.6907	-326.9831	162.2924	1.554004	1.331904
708	-169.1213	-331.9215	162.8003	1.708055	0.401992
714	-150.2982	-311.9382	161.64	2.478625	0.1718017
720	-177.9472	-340.0566	162.1095	2.390835	0.3869921
726	-218.9238	-380.7206	161.7968	1.129142	1.993891
732	-230.845	-392.184	161.339	2.465734	1.365024
738	-211.4231	-374.6268	163.2036	1.275518	0.677745
744	-238.8621	-401.3221	162.46	2.062123	0.4379273
750	-206.2207	-368.5026	162.282	2.230499	0.4109788
756	-207.9178	-370.172	162.2542	2.230499	0.3635521
762	-223.4607	-385.7493	162.2886	2.230499	0.4281951
768	-204.5798	-367.1236	162.5438	1.144239	1.455461
774	-213.6008	-375.6169	162.0161	2.502695	0.4272828
780	-206.7118	-368.7444	162.0326	2.465721	0.3837046
786	-218.6233	-380.9254	162.3021	2.147998	0.3253834
792	-207.4031	-370.1263	162.7232	1.541861	0.9576037
798	-202.8385	-365.5907	162.7522	1.731863	0.6682241
804	-224.9912	-384.8609	159.8697	1.993494	2.671533
810	-229.6948	-389.56	159.8652	0.4873226	3.572167
816	-214.5832	-373.1839	158.6006	0.6250743	4.218733
822	-217.31	-379.5267	162.2166	1.078515	1.741664
828	-210.6196	-371.3924	160.7728	0.7562276	2.875406
834	-199.1421	-358.9532	159.8111	0.5818892	3.548599
840	-210.6043	-373.1074	162.5031	1.855079	0.8535683
846	-227.6997	-389.6956	161.9959	1.400197	1.670293
852	-237.7158	-398.4583	160.7425	0.5127518	3.040153
858	-232.8267	-392.9685	160.1419	1.113359	3.040153
864	-234.3291	-394.9469	160.6177	0.4009646	3.181083
870	-212.878	-373.529	160.651	0.3772653	3.175404
876	-226.7404	-388.533	161.7926	0.8150899	2.202861
882	-249.4529	-411.5031	162.0502	1.250957	1.737475
888	-258.6911	-421.6399	162.9487	1.181538	1.089567
894	-240.6533	-403.5848	162.9315	0.9386917	1.312822
900	-231.7175	-392.7199	161.0024	0.655734	2.797062
906	-236.7928	-398.2099	161.4171	0.2409636	2.797062
912	-263.7551	-425.1727	161.4175	0.2303769	2.803264
918	-240.8917	-402.0803	161.1886	0.3021106	2.898582
924	-203.2929	-365.3531	162.0602	0.1325674	2.46693
930	-191.1219	-351.9431	160.8212	0.8940922	2.762209
936	-201.5002	-362.7606	161.2604	0.4907983	2.740263
942	-213.3989	-372.0972	158.6983	0.8247861	4.049603
948	-206.8911	-369.2373	162.3462	0.9981566	1.707024
954	-219.9061	-382.1121	162.2061	0.6207825	2.059662
960	-189.5046	-352.1464	162.6419	1.13491	1.387014
966	-184.9495	-347.8191	162.8695	1.13491	1.2013
972	-189.0849	-351.5722	162.4873	1.51715	1.2013
978	-218.5202	-380.5073	161.9871	2.149934	1.083338
984	-219.7145	-382.6862	162.9717	1.44461	0.7783743
990	-196.8092	-359.2165	162.4072	0.7798425	1.816848
996	-201.6232	-363.8876	162.2644	1.225497	1.602728
