Iteration	Posterior	Likelihood	Prior	rate_log_sd	tree_length
0	-95.61052	-258.7301	163.1196	1.083224	1.020651
6	-104.8214	-268.1312	163.3098	0.5381749	1.330675
12	-102.0431	-263.4004	161.3573	0.7274103	2.534436
18	-103.6824	-265.8423	162.1599	1.528742	1.455008
24	-102.9758	-265.7104	162.7345	1.317712	1.15983
30	-101.172	-264.0294	162.8574	0.6277244	1.606188
36	-106.8775	-268.4282	161.5507	0.5934321	2.497368
42	-98.06827	-260.8925	162.8242	0.4862024	1.730931
48	-93.47536	-254.8268	161.3515	0.6439925	2.589901
54	-87.90948	-249.9261	162.0166	0.4199844	2.312735
60	-100.4253	-262.2129	161.7876	0.6848443	2.289846
66	-100.005	-262.7928	162.7878	0.3068369	1.880171
72	-95.95263	-258.5895	162.6369	0.4577942	1.880171
78	-94.50835	-255.4767	160.9683	0.3303086	3.014164
84	-87.3429	-249.5386	162.1957	0.449003	2.178861
90	-87.3031	-250.0345	162.7314	0.4915498	1.792025
96	-91.10137	-253.042	161.9407	0.5278183	2.292362
102	-91.17822	-252.9675	161.7893	0.3656656	2.490601
108	-90.17806	-253.2802	163.1021	0.2773205	1.682147
114	-90.99486	-253.9454	162.9505	0.228516	1.822394
120	-88.47719	-251.0835	162.6063	0.4676413	1.894271
126	-95.46003	-257.8007	162.3407	0.5792225	1.997936
132	-91.78468	-254.8831	163.0984	0.5040602	1.519887
138	-94.48006	-257.5749	163.0948	0.5077081	1.519887
144	-97.59049	-260.2833	162.6928	0.909673	1.519887
150	-98.48643	-261.5924	163.1059	1.066828	1.049681
156	-90.70607	-253.9129	163.2068	1.006312	1.010473
162	-92.15539	-255.4666	163.3112	1.020147	0.8851385
168	-86.2647	-249.4386	163.1739	0.8182883	1.211764
174	-90.07394	-253.3249	163.251	0.9747502	0.9979364
180	-89.18764	-252.377	163.1894	0.8220061	1.195358
186	-94.86889	-258.5561	163.6872	0.4736484	1.061037
192	-93.41047	-256.5292	163.1187	1.028866	1.073475
198	-91.90379	-253.5721	161.6683	0.9287373	2.209738
204	-89.69745	-252.4828	162.7854	0.6680977	1.629097
210	-89.62467	-252.0362	162.4115	0.6062864	1.932248
216	-83.72466	-246.1487	162.4241	0.5937577	1.932248
222	-91.76581	-254.5948	162.829	0.6441207	1.61491
228	-88.77393	-251.494	162.7201	0.5192371	1.780651
234	-89.77898	-252.8434	163.0645	0.4342872	1.596277
240	-90.37739	-253.3128	162.9354	0.3628685	1.739477
246	-88.19069	-250.7808	162.5901	0.2429527	2.055545
252	-89.42092	-250.9607	161.5398	0.332743	2.665801
258	-89.3449	-251.0227	161.6778	0.402157	2.537423
264	-86.9232	-249.4624	162.5392	0.3314729	2.030637
270	-85.25037	-248.3645	163.1141	0.6169806	1.422492
276	-87.39967	-249.2211	161.8215	0.6169806	2.311556
282	-95.96215	-259.3991	163.4369	0.5975733	1.175357
288	-97.37078	-259.9144	162.5436	0.726577	1.759155
294	-96.6417	-258.8178	162.1761	0.4326405	2.202199
300	-93.14181	-254.6563	161.5144	0.4079258	2.635094
306	-90.43825	-252.9363	162.4981	0.6208917	1.863575
312	-96.27484	-257.5664	161.2916	0.4959518	2.718007
318	-92.17838	-253.4545	161.2761	0.541032	2.699827
324	-93.62825	-255.8058	162.1776	0.4474417	2.191626
330	-88.13424	-249.8602	161.726	0.5035406	2.443831
336	-89.23957	-252.2125	162.9729	1.146004	1.100036
342	-98.42809	-261.5399	163.1118	1.09037	1.021208
348	-94.94975	-258.155	163.2052	0.8248755	1.179181
354	-95.78943	-258.6817	162.8923	0.4626224	1.699533
360	-92.93646	-255.0198	162.0834	0.5412837	2.191865
366	-95.78074	-258.5199	162.7392	0.8153131	1.555446
372	-113.0674	-276.1425	163.0751	0.9131714	1.215096
378	-115.4813	-278.6133	163.1319	0.8591236	1.212714
384	-105.4227	-268.4697	163.047	0.9440386	1.212714
390	-103.4856	-266.5431	163.0575	0.9335232	1.212714
396	-102.4897	-265.485	162.9953	0.8818805	1.307126
402	-110.2398	-272.8837	162.6439	1.233357	1.307126
408	-107.9691	-271.0971	163.128	0.9616126	1.126589
414	-99.81732	-263.152	163.3347	1.006409	0.8738041
420	-98.05483	-261.0975	163.0427	0.9129885	1.242571
426	-98.55226	-261.7147	163.1625	0.5872922	1.408032
432	-102.288	-265.3081	163.0201	0.6787961	1.447182
438	-102.8903	-264.1244	161.2341	0.4576569	2.776556
444	-101.8129	-262.9267	161.1138	0.2632722	2.967079
450	-102.7566	-263.7813	161.0247	0.25092	3.027936
456	-101.2658	-263.8717	162.6059	0.4343938	1.917057
462	-95.36365	-258.169	162.8053	0.6339416	1.639333
468	-97.51498	-259.5454	162.0304	0.6339416	2.166096
474	-95.89492	-258.1929	162.298	0.366368	2.166096
480	-93.06447	-255.5156	162.4511	0.506371	1.972783
486	-96.51757	-257.2795	160.7619	0.5643535	2.997597
492	-89.64133	-252.2968	162.6555	0.1642972	2.064335
498	-97.1488	-258.3133	161.1645	0.1022553	3.033268
504	-97.86528	-259.0111	161.1458	0.1589155	3.01051
510	-100.5345	-261.9485	161.4139	0.2441014	2.797096
516	-106.7287	-268.1855	161.4568	0.2012345	2.797096
522	-106.5059	-269.583	163.077	0.130339	1.802796
528	-105.3588	-266.3281	160.9693	0.1506245	3.120917
534	-107.7382	-269.3554	161.6172	0.5079182	2.509229
540	-99.29517	-261.7202	162.425	0.2916297	2.132022
546	-99.55543	-262.3221	162.7666	0.3651013	1.854858
552	-103.1569	-265.5025	162.3456	0.2290518	2.224207
558	-100.9098	-263.4196	162.5098	0.09916242	2.202017
564	-95.63743	-258.0657	162.4283	0.1807054	2.202017
570	-87.78778	-249.9902	162.2024	0.1396088	2.372854
576	-90.72506	-253.715	162.9899	0.09503248	1.886784
582	-94.49399	-256.9991	162.5051	0.2352835	2.116507
588	-93.9859	-255.8293	161.8434	0.1977857	2.561558
594	-94.00546	-255.795	161.7896	0.2515481	2.561558
600	-90.32163	-252.3966	162.0749	0.3381726	2.327702
606	-94.33387	-256.8706	162.5367	0.4850637	1.929589
612	-90.87821	-254.0213	163.1431	0.6979578	1.336179
618	-93.46027	-255.7248	162.2645	0.7568911	1.929819
624	-97.80545	-260.5197	162.7142	0.307208	1.929819
630	-95.92602	-257.9073	161.9813	0.3400936	2.385941
636	-98.99242	-261.2768	162.2844	0.5375319	2.062906
642	-91.29715	-253.7891	162.4919	0.3517273	2.048565
648	-100.7494	-263.6916	162.9421	0.8147477	1.402523
654	-96.27382	-259.522	163.2481	0.9855481	0.9898966
660	-91.18754	-253.8318	162.6442	0.8229017	1.619218
666	-82.17385	-244.7493	162.5755	0.5408979	1.865364
672	-84.18633	-247.1267	162.9404	0.7228079	1.474313
678	-89.17151	-251.9119	162.7404	0.7720545	1.586309
684	-80.64969	-243.2129	162.5632	0.6496734	1.799015
690	-84.92803	-247.876	162.9479	0.692447	1.491525
696	-79.12492	-241.2048	162.0799	0.227687	2.394634
702	-81.32101	-243.8477	162.5267	0.7634595	1.745165
708	-83.33495	-246.7095	163.3746	1.091979	0.700684
714	-79.48558	-242.6354	163.1498	1.223869	0.834574
720	-82.35974	-245.3405	162.9808	1.223869	1.018841
726	-88.85268	-252.0639	163.2112	1.232812	0.7376538
732	-93.2537	-256.3204	163.0667	1.19364	0.9625455
738	-90.00168	-252.9892	162.9875	1.523639	0.6049585
744	-87.50376	-250.5045	163.0008	1.523639	0.5572886
750	-80.45382	-243.5947	163.1409	1.33604	0.681904
756	-79.83824	-242.9954	163.1571	1.33604	0.6493253
762	-80.18684	-243.4373	163.2504	1.253032	0.6254294
768	-83.31008	-246.6553	163.3452	0.9520792	0.9232817
774	-84.59575	-248.0024	163.4067	0.7432486	1.07131
780	-86.01149	-247.8523	161.8408	0.4636966	2.396598
786	-93.72669	-257.4037	163.677	0.2525758	1.264262
792	-91.44523	-252.7739	161.3287	0.4257449	2.738276
798	-97.73536	-260.9576	163.2223	0.8983299	1.098492
804	-95.27967	-257.3707	162.0911	0.6452239	2.119195
810	-85.56973	-248.1566	162.5869	0.5614346	1.843511
816	-86.41802	-248.5519	162.1339	0.6574282	2.083072
822	-86.04584	-249.0812	163.0354	0.5554766	1.52857
828	-84.36531	-246.7054	162.3401	0.5388583	2.025156
834	-88.91925	-251.6732	162.754	0.6688145	1.651163
840	-82.57838	-245.9395	163.3612	0.5205238	1.303502
846	-80.7959	-243.9424	163.1465	0.6079847	1.404375
852	-82.80572	-245.2248	162.4191	0.8282114	1.775083
858	-90.01992	-252.5295	162.5096	0.7377075	1.775083
864	-94.64409	-257.4686	162.8245	0.4228387	1.775083
870	-101.4458	-264.4274	162.9816	0.667316	1.485095
876	-107.6852	-271.0818	163.3966	0.4643125	1.320322
882	-96.36454	-259.4579	163.0933	0.9597733	1.159085
888	-95.76092	-258.7867	163.0258	1.105683	1.088488
894	-97.19103	-260.3061	163.1151	0.3256897	1.638253
900	-95.12618	-256.4649	161.3387	0.02999472	2.97211
906	-89.13708	-250.4708	161.3338	0.0287874	2.975806
912	-88.80531	-251.8062	163.0009	0.01622668	1.932707
918	-87.07039	-249.6709	162.6005	0.01695627	2.196534
924	-87.47373	-250.3265	162.8528	0.03505758	2.019273
930	-94.40136	-256.7694	162.3681	0.003458224	2.354147
936	-90.65227	-252.0782	161.426	0.003275414	2.93566
942	-84.87585	-247.6141	162.7383	0.003387636	2.115672
948	-80.30842	-242.47	162.1616	0.002528502	2.484894
954	-78.91419	-239.9502	161.036	0.001085632	3.170186
960	-81.39854	-243.2911	161.8926	0.001503832	2.652515
966	-85.95633	-249.3836	163.4273	0.001290263	1.646996
972	-90.92147	-254.7038	163.7824	0.003634468	1.379794
978	-88.63929	-251.8071	163.1678	0.01822726	1.817543
984	-82.58709	-244.9578	162.3707	0.01030172	2.348122
990	-84.70391	-246.602	161.8981	0.02843024	2.632538
996	-91.68789	-254.4556	162.7677	0.08282448	2.044038
